#! /usr/bin/vvp
:ivl_version "10.3 (stable)";
:ivl_delay_selection "TYPICAL";
:vpi_time_precision - 12;
:vpi_module "system";
:vpi_module "vhdl_sys";
:vpi_module "v2005_math";
:vpi_module "va_math";
S_0x7ffff5559940 .scope module, "mips_tb" "mips_tb" 2 2;
 .timescale -9 -12;
v0x7ffff5589800_0 .var "clk", 0 0;
v0x7ffff55898a0_0 .var "rst", 0 0;
S_0x7ffff555dd60 .scope module, "U_simpleMIPS" "simpleMIPS" 2 6, 3 2 0, S_0x7ffff5559940;
 .timescale -9 -12;
    .port_info 0 /INPUT 1 "clk"
    .port_info 1 /INPUT 1 "rst"
v0x7ffff5588400_0 .net "ALUOp", 1 0, v0x7ffff557fc80_0;  1 drivers
v0x7ffff55884e0_0 .net "ALUout", 31 0, v0x7ffff5582950_0;  1 drivers
v0x7ffff55885a0_0 .net "BSel", 0 0, L_0x7ffff559c7b0;  1 drivers
v0x7ffff5588640_0 .net "Br", 0 0, v0x7ffff557fe40_0;  1 drivers
v0x7ffff55886e0_0 .net "Breq", 0 0, L_0x7ffff559b430;  1 drivers
v0x7ffff5588820_0 .net "Brlt", 0 0, L_0x7ffff559b4d0;  1 drivers
v0x7ffff5588910_0 .net "DMWr", 0 0, L_0x7ffff559c5b0;  1 drivers
v0x7ffff5588a00_0 .net "J", 0 0, L_0x7ffff559c6a0;  1 drivers
o0x7fcd5ceb0fd8 .functor BUFZ 26, C4<zzzzzzzzzzzzzzzzzzzzzzzzzz>; HiZ drive
v0x7ffff5588af0_0 .net "JImm", 25 0, o0x7fcd5ceb0fd8;  0 drivers
v0x7ffff5588c20_0 .net "MEMout", 31 0, L_0x7ffff559cbc0;  1 drivers
L_0x7fcd5ce60600 .functor BUFT 1, C4<1>, C4<0>, C4<0>, C4<0>;
v0x7ffff5588cc0_0 .net "PCWr", 0 0, L_0x7fcd5ce60600;  1 drivers
v0x7ffff5588d60_0 .net "RDSel", 1 0, v0x7ffff55804b0_0;  1 drivers
v0x7ffff5588e70_0 .net "RegWr", 0 0, L_0x7ffff559c510;  1 drivers
v0x7ffff5588f10_0 .net "WDSel", 1 0, v0x7ffff55807d0_0;  1 drivers
v0x7ffff5589020_0 .net "clk", 0 0, v0x7ffff5589800_0;  1 drivers
v0x7ffff55890c0_0 .net "imm32", 31 0, L_0x7ffff559b2a0;  1 drivers
v0x7ffff55891d0_0 .net "instr", 31 0, L_0x7ffff552e3e0;  1 drivers
v0x7ffff55893a0_0 .net "pc_add4", 31 0, L_0x7ffff5599a10;  1 drivers
v0x7ffff5589460_0 .net "rdata1", 31 0, L_0x7ffff559a5f0;  1 drivers
v0x7ffff55895b0_0 .net "rdata2", 31 0, L_0x7ffff559ac20;  1 drivers
v0x7ffff5589670_0 .net "rst", 0 0, v0x7ffff55898a0_0;  1 drivers
S_0x7ffff555e4b0 .scope module, "U_bru" "bru" 3 40, 4 3 0, S_0x7ffff555dd60;
 .timescale -9 -12;
    .port_info 0 /INPUT 32 "rdata1"
    .port_info 1 /INPUT 32 "rdata2"
    .port_info 2 /OUTPUT 1 "Breq"
    .port_info 3 /OUTPUT 1 "Brlt"
v0x7ffff5555730_0 .net "Breq", 0 0, L_0x7ffff559b430;  alias, 1 drivers
v0x7ffff55557d0_0 .net "Brlt", 0 0, L_0x7ffff559b4d0;  alias, 1 drivers
v0x7ffff5561da0_0 .net "rdata1", 31 0, L_0x7ffff559a5f0;  alias, 1 drivers
v0x7ffff557f910_0 .net "rdata2", 31 0, L_0x7ffff559ac20;  alias, 1 drivers
L_0x7ffff559b430 .cmp/eq 32, L_0x7ffff559a5f0, L_0x7ffff559ac20;
L_0x7ffff559b4d0 .cmp/gt 32, L_0x7ffff559ac20, L_0x7ffff559a5f0;
S_0x7ffff555f030 .scope module, "U_ctrl" "ctrl" 3 49, 5 3 0, S_0x7ffff555dd60;
 .timescale 0 0;
    .port_info 0 /INPUT 32 "instr"
    .port_info 1 /INPUT 1 "Breq"
    .port_info 2 /INPUT 1 "Brlt"
    .port_info 3 /OUTPUT 1 "RegWr"
    .port_info 4 /OUTPUT 1 "DMWr"
    .port_info 5 /OUTPUT 1 "PCWr"
    .port_info 6 /OUTPUT 1 "Br"
    .port_info 7 /OUTPUT 1 "J"
    .port_info 8 /OUTPUT 1 "BSel"
    .port_info 9 /OUTPUT 2 "ALUOp"
    .port_info 10 /OUTPUT 2 "WDSel"
    .port_info 11 /OUTPUT 2 "RDSel"
L_0x7ffff551b9b0 .functor OR 1, L_0x7ffff559ba90, L_0x7ffff559bcd0, C4<0>, C4<0>;
L_0x7ffff559bfa0 .functor OR 1, L_0x7ffff559b7c0, L_0x7ffff559b900, C4<0>, C4<0>;
L_0x7ffff559c2b0 .functor OR 1, L_0x7ffff559bfa0, L_0x7ffff559c0b0, C4<0>, C4<0>;
L_0x7ffff559c510 .functor OR 1, L_0x7ffff559c2b0, L_0x7ffff559c3c0, C4<0>, C4<0>;
L_0x7ffff559c7b0 .functor OR 1, L_0x7ffff559b900, L_0x7ffff551b9b0, C4<0>, C4<0>;
v0x7ffff557fc80_0 .var "ALUOp", 1 0;
v0x7ffff557fd80_0 .net "BSel", 0 0, L_0x7ffff559c7b0;  alias, 1 drivers
v0x7ffff557fe40_0 .var "Br", 0 0;
v0x7ffff557fee0_0 .net "Breq", 0 0, L_0x7ffff559b430;  alias, 1 drivers
v0x7ffff557ff80_0 .net "Brlt", 0 0, L_0x7ffff559b4d0;  alias, 1 drivers
v0x7ffff5580070_0 .net "Btype", 0 0, L_0x7ffff559b9f0;  1 drivers
v0x7ffff5580110_0 .net "DMWr", 0 0, L_0x7ffff559c5b0;  alias, 1 drivers
v0x7ffff55801b0_0 .net "Itype", 0 0, L_0x7ffff559b900;  1 drivers
v0x7ffff5580270_0 .net "J", 0 0, L_0x7ffff559c6a0;  alias, 1 drivers
v0x7ffff5580330_0 .net "Jtype", 0 0, L_0x7ffff559be60;  1 drivers
v0x7ffff55803f0_0 .net "PCWr", 0 0, L_0x7fcd5ce60600;  alias, 1 drivers
v0x7ffff55804b0_0 .var "RDSel", 1 0;
v0x7ffff5580590_0 .net "RegWr", 0 0, L_0x7ffff559c510;  alias, 1 drivers
v0x7ffff5580650_0 .net "Rtype", 0 0, L_0x7ffff559b7c0;  1 drivers
v0x7ffff5580710_0 .net "Stype", 0 0, L_0x7ffff551b9b0;  1 drivers
v0x7ffff55807d0_0 .var "WDSel", 1 0;
L_0x7fcd5ce60408 .functor BUFT 1, C4<000100>, C4<0>, C4<0>, C4<0>;
v0x7ffff55808b0_0 .net/2u *"_s12", 5 0, L_0x7fcd5ce60408;  1 drivers
L_0x7fcd5ce60450 .functor BUFT 1, C4<101011>, C4<0>, C4<0>, C4<0>;
v0x7ffff5580990_0 .net/2u *"_s16", 5 0, L_0x7fcd5ce60450;  1 drivers
v0x7ffff5580a70_0 .net *"_s18", 0 0, L_0x7ffff559ba90;  1 drivers
L_0x7fcd5ce60498 .functor BUFT 1, C4<100011>, C4<0>, C4<0>, C4<0>;
v0x7ffff5580b30_0 .net/2u *"_s20", 5 0, L_0x7fcd5ce60498;  1 drivers
v0x7ffff5580c10_0 .net *"_s22", 0 0, L_0x7ffff559bcd0;  1 drivers
L_0x7fcd5ce604e0 .functor BUFT 1, C4<000011>, C4<0>, C4<0>, C4<0>;
v0x7ffff5580cd0_0 .net/2u *"_s26", 5 0, L_0x7fcd5ce604e0;  1 drivers
v0x7ffff5580db0_0 .net *"_s30", 0 0, L_0x7ffff559bfa0;  1 drivers
L_0x7fcd5ce60528 .functor BUFT 1, C4<100011>, C4<0>, C4<0>, C4<0>;
v0x7ffff5580e70_0 .net/2u *"_s32", 5 0, L_0x7fcd5ce60528;  1 drivers
v0x7ffff5580f50_0 .net *"_s34", 0 0, L_0x7ffff559c0b0;  1 drivers
v0x7ffff5581010_0 .net *"_s36", 0 0, L_0x7ffff559c2b0;  1 drivers
L_0x7fcd5ce60570 .functor BUFT 1, C4<000011>, C4<0>, C4<0>, C4<0>;
v0x7ffff55810d0_0 .net/2u *"_s38", 5 0, L_0x7fcd5ce60570;  1 drivers
L_0x7fcd5ce60378 .functor BUFT 1, C4<000000>, C4<0>, C4<0>, C4<0>;
v0x7ffff55811b0_0 .net/2u *"_s4", 5 0, L_0x7fcd5ce60378;  1 drivers
v0x7ffff5581290_0 .net *"_s40", 0 0, L_0x7ffff559c3c0;  1 drivers
L_0x7fcd5ce605b8 .functor BUFT 1, C4<101011>, C4<0>, C4<0>, C4<0>;
v0x7ffff5581350_0 .net/2u *"_s44", 5 0, L_0x7fcd5ce605b8;  1 drivers
L_0x7fcd5ce60648 .functor BUFT 1, C4<000011>, C4<0>, C4<0>, C4<0>;
v0x7ffff5581430_0 .net/2u *"_s50", 5 0, L_0x7fcd5ce60648;  1 drivers
L_0x7fcd5ce603c0 .functor BUFT 1, C4<001101>, C4<0>, C4<0>, C4<0>;
v0x7ffff5581510_0 .net/2u *"_s8", 5 0, L_0x7fcd5ce603c0;  1 drivers
v0x7ffff55815f0_0 .net "funct", 5 0, L_0x7ffff559b720;  1 drivers
v0x7ffff55818e0_0 .net "instr", 31 0, L_0x7ffff552e3e0;  alias, 1 drivers
v0x7ffff55819c0_0 .net "opcode", 5 0, L_0x7ffff559b680;  1 drivers
E_0x7ffff5527560 .event edge, v0x7ffff5580650_0, v0x7ffff55801b0_0, v0x7ffff55819c0_0;
E_0x7ffff5526ee0/0 .event edge, v0x7ffff5580650_0, v0x7ffff55815f0_0, v0x7ffff55801b0_0, v0x7ffff55819c0_0;
E_0x7ffff5526ee0/1 .event edge, v0x7ffff5580710_0;
E_0x7ffff5526ee0 .event/or E_0x7ffff5526ee0/0, E_0x7ffff5526ee0/1;
E_0x7ffff5527170 .event edge, v0x7ffff5580070_0, v0x7ffff55819c0_0, v0x7ffff5555730_0;
L_0x7ffff559b680 .part L_0x7ffff552e3e0, 26, 6;
L_0x7ffff559b720 .part L_0x7ffff552e3e0, 0, 6;
L_0x7ffff559b7c0 .cmp/eq 6, L_0x7ffff559b680, L_0x7fcd5ce60378;
L_0x7ffff559b900 .cmp/eq 6, L_0x7ffff559b680, L_0x7fcd5ce603c0;
L_0x7ffff559b9f0 .cmp/eq 6, L_0x7ffff559b680, L_0x7fcd5ce60408;
L_0x7ffff559ba90 .cmp/eq 6, L_0x7ffff559b680, L_0x7fcd5ce60450;
L_0x7ffff559bcd0 .cmp/eq 6, L_0x7ffff559b680, L_0x7fcd5ce60498;
L_0x7ffff559be60 .cmp/eq 6, L_0x7ffff559b680, L_0x7fcd5ce604e0;
L_0x7ffff559c0b0 .cmp/eq 6, L_0x7ffff559b680, L_0x7fcd5ce60528;
L_0x7ffff559c3c0 .cmp/eq 6, L_0x7ffff559b680, L_0x7fcd5ce60570;
L_0x7ffff559c5b0 .cmp/eq 6, L_0x7ffff559b680, L_0x7fcd5ce605b8;
L_0x7ffff559c6a0 .cmp/eq 6, L_0x7ffff559b680, L_0x7fcd5ce60648;
S_0x7ffff5581c20 .scope module, "U_dm" "dm" 3 73, 6 2 0, S_0x7ffff555dd60;
 .timescale -9 -12;
    .port_info 0 /INPUT 1 "clk"
    .port_info 1 /INPUT 32 "addr"
    .port_info 2 /INPUT 32 "wdata"
    .port_info 3 /INPUT 1 "DMWr"
    .port_info 4 /OUTPUT 32 "DMout"
P_0x7ffff5581da0 .param/l "MEM_SIZE" 1 6 9, +C4<00000000000000000001000000000000>;
L_0x7ffff559cbc0 .functor BUFZ 32, L_0x7ffff559ca90, C4<00000000000000000000000000000000>, C4<00000000000000000000000000000000>, C4<00000000000000000000000000000000>;
v0x7ffff5581ec0_0 .net "DMWr", 0 0, L_0x7ffff559c5b0;  alias, 1 drivers
v0x7ffff5581fb0_0 .net "DMout", 31 0, L_0x7ffff559cbc0;  alias, 1 drivers
v0x7ffff5582070_0 .net *"_s0", 31 0, L_0x7ffff559ca90;  1 drivers
v0x7ffff5582160_0 .net "addr", 31 0, v0x7ffff5582950_0;  alias, 1 drivers
v0x7ffff5582240_0 .net "clk", 0 0, v0x7ffff5589800_0;  alias, 1 drivers
v0x7ffff5582350 .array "dmem", 0 4095, 31 0;
v0x7ffff5582410_0 .net "wdata", 31 0, L_0x7ffff559ac20;  alias, 1 drivers
E_0x7ffff5564f80 .event posedge, v0x7ffff5582240_0;
L_0x7ffff559ca90 .array/port v0x7ffff5582350, v0x7ffff5582950_0;
S_0x7ffff5582580 .scope module, "U_ex" "ex" 3 64, 7 2 0, S_0x7ffff555dd60;
 .timescale -9 -12;
    .port_info 0 /INPUT 2 "ALUOp"
    .port_info 1 /INPUT 32 "rdata1"
    .port_info 2 /INPUT 32 "rdata2"
    .port_info 3 /INPUT 32 "imm32"
    .port_info 4 /INPUT 1 "BSel"
    .port_info 5 /OUTPUT 32 "ALUout"
L_0x7ffff559c870 .functor BUFZ 32, L_0x7ffff559a5f0, C4<00000000000000000000000000000000>, C4<00000000000000000000000000000000>, C4<00000000000000000000000000000000>;
v0x7ffff5582870_0 .net "ALUOp", 1 0, v0x7ffff557fc80_0;  alias, 1 drivers
v0x7ffff5582950_0 .var "ALUout", 31 0;
v0x7ffff5582a20_0 .net "BSel", 0 0, L_0x7ffff559c7b0;  alias, 1 drivers
v0x7ffff5582b20_0 .net "imm32", 31 0, L_0x7ffff559b2a0;  alias, 1 drivers
v0x7ffff5582bc0_0 .net "op1", 31 0, L_0x7ffff559c870;  1 drivers
v0x7ffff5582cd0_0 .net "op2", 31 0, L_0x7ffff559c9f0;  1 drivers
v0x7ffff5582db0_0 .net "rdata1", 31 0, L_0x7ffff559a5f0;  alias, 1 drivers
v0x7ffff5582e70_0 .net "rdata2", 31 0, L_0x7ffff559ac20;  alias, 1 drivers
E_0x7ffff55827f0 .event edge, v0x7ffff557fc80_0, v0x7ffff5582bc0_0, v0x7ffff5582cd0_0;
L_0x7ffff559c9f0 .functor MUXZ 32, L_0x7ffff559ac20, L_0x7ffff559b2a0, L_0x7ffff559c7b0, C4<>;
S_0x7ffff5583060 .scope module, "U_fetch" "fetch" 3 9, 8 2 0, S_0x7ffff555dd60;
 .timescale -9 -12;
    .port_info 0 /INPUT 1 "rst"
    .port_info 1 /INPUT 1 "clk"
    .port_info 2 /INPUT 1 "Br"
    .port_info 3 /INPUT 1 "J"
    .port_info 4 /INPUT 1 "PCWr"
    .port_info 5 /INPUT 26 "Imm"
    .port_info 6 /OUTPUT 32 "instr"
    .port_info 7 /OUTPUT 32 "pc_add4"
v0x7ffff5584350_0 .net "Br", 0 0, v0x7ffff557fe40_0;  alias, 1 drivers
v0x7ffff5584410_0 .net "Imm", 25 0, o0x7fcd5ceb0fd8;  alias, 0 drivers
v0x7ffff55844d0_0 .net "J", 0 0, L_0x7ffff559c6a0;  alias, 1 drivers
v0x7ffff55845d0_0 .net "PCWr", 0 0, L_0x7fcd5ce60600;  alias, 1 drivers
L_0x7fcd5ce60018 .functor BUFT 1, C4<000000000000000000000000000001>, C4<0>, C4<0>, C4<0>;
v0x7ffff55846c0_0 .net/2u *"_s0", 29 0, L_0x7fcd5ce60018;  1 drivers
v0x7ffff55847b0_0 .net *"_s2", 29 0, L_0x7ffff5599970;  1 drivers
L_0x7fcd5ce60060 .functor BUFT 1, C4<00>, C4<0>, C4<0>, C4<0>;
v0x7ffff5584890_0 .net/2u *"_s4", 1 0, L_0x7fcd5ce60060;  1 drivers
L_0x7fcd5ce600a8 .functor BUFT 1, C4<00>, C4<0>, C4<0>, C4<0>;
v0x7ffff5584970_0 .net/2u *"_s8", 1 0, L_0x7fcd5ce600a8;  1 drivers
v0x7ffff5584a50_0 .net "clk", 0 0, v0x7ffff5589800_0;  alias, 1 drivers
v0x7ffff5584af0_0 .net "instr", 31 0, L_0x7ffff552e3e0;  alias, 1 drivers
v0x7ffff5584c00_0 .var "npc", 31 2;
v0x7ffff5584cc0_0 .net "pc_add4", 31 0, L_0x7ffff5599a10;  alias, 1 drivers
v0x7ffff5584d80_0 .net "pc_w", 31 2, v0x7ffff5584000_0;  1 drivers
v0x7ffff5584e40_0 .net "rst", 0 0, v0x7ffff55898a0_0;  alias, 1 drivers
E_0x7ffff5564e80 .event edge, v0x7ffff557fe40_0, v0x7ffff5584000_0, v0x7ffff5584410_0, v0x7ffff5580270_0;
L_0x7ffff5599970 .arith/sum 30, v0x7ffff5584000_0, L_0x7fcd5ce60018;
L_0x7ffff5599a10 .concat [ 2 30 0 0], L_0x7fcd5ce60060, L_0x7ffff5599970;
L_0x7ffff5599c40 .concat [ 2 30 0 0], L_0x7fcd5ce600a8, v0x7ffff5584000_0;
S_0x7ffff55833f0 .scope module, "IM" "im" 8 22, 9 2 0, S_0x7ffff5583060;
 .timescale -9 -12;
    .port_info 0 /INPUT 32 "addr"
    .port_info 1 /OUTPUT 32 "data"
P_0x7ffff55835e0 .param/l "MEM_SIZE" 1 9 7, +C4<00000000000000000001000000000000>;
L_0x7ffff552e3e0 .functor BUFZ 32, L_0x7ffff5599b50, C4<00000000000000000000000000000000>, C4<00000000000000000000000000000000>, C4<00000000000000000000000000000000>;
v0x7ffff55836e0_0 .net *"_s0", 31 0, L_0x7ffff5599b50;  1 drivers
v0x7ffff55837e0_0 .net "addr", 31 0, L_0x7ffff5599c40;  1 drivers
v0x7ffff55838c0_0 .net "data", 31 0, L_0x7ffff552e3e0;  alias, 1 drivers
v0x7ffff5583990 .array "instr_mem", 0 4095, 31 0;
L_0x7ffff5599b50 .array/port v0x7ffff5583990, L_0x7ffff5599c40;
S_0x7ffff5583a90 .scope module, "PC" "reg_pc" 8 14, 10 2 0, S_0x7ffff5583060;
 .timescale -9 -12;
    .port_info 0 /INPUT 1 "rst"
    .port_info 1 /INPUT 1 "clk"
    .port_info 2 /INPUT 1 "PCWr"
    .port_info 3 /INPUT 30 "npc"
    .port_info 4 /OUTPUT 30 "pc"
v0x7ffff5583d70_0 .net "PCWr", 0 0, L_0x7fcd5ce60600;  alias, 1 drivers
v0x7ffff5583e60_0 .net "clk", 0 0, v0x7ffff5589800_0;  alias, 1 drivers
v0x7ffff5583f30_0 .net "npc", 31 2, v0x7ffff5584c00_0;  1 drivers
v0x7ffff5584000_0 .var "pc", 31 2;
v0x7ffff55840c0_0 .net "rst", 0 0, v0x7ffff55898a0_0;  alias, 1 drivers
v0x7ffff55841d0_0 .var "tmp", 1 0;
E_0x7ffff5583d10 .event posedge, v0x7ffff55840c0_0, v0x7ffff5582240_0;
S_0x7ffff5584ff0 .scope module, "U_id" "id" 3 24, 11 2 0, S_0x7ffff555dd60;
 .timescale -9 -12;
    .port_info 0 /INPUT 1 "clk"
    .port_info 1 /INPUT 1 "rst"
    .port_info 2 /INPUT 32 "pc_add4"
    .port_info 3 /INPUT 32 "instr"
    .port_info 4 /INPUT 32 "ALUout"
    .port_info 5 /INPUT 32 "MEMout"
    .port_info 6 /INPUT 1 "RegWr"
    .port_info 7 /INPUT 2 "WDSel"
    .port_info 8 /INPUT 2 "RDSel"
    .port_info 9 /OUTPUT 32 "rdata1"
    .port_info 10 /OUTPUT 32 "rdata2"
    .port_info 11 /OUTPUT 32 "imm32"
v0x7ffff5586f10_0 .net "ALUout", 31 0, v0x7ffff5582950_0;  alias, 1 drivers
v0x7ffff5586ff0_0 .net "MEMout", 31 0, L_0x7ffff559cbc0;  alias, 1 drivers
v0x7ffff55870b0_0 .net "RDSel", 1 0, v0x7ffff55804b0_0;  alias, 1 drivers
v0x7ffff5587150_0 .net "RegWr", 0 0, L_0x7ffff559c510;  alias, 1 drivers
v0x7ffff5587240_0 .net "WDSel", 1 0, v0x7ffff55807d0_0;  alias, 1 drivers
v0x7ffff5587330_0 .net *"_s10", 13 0, L_0x7ffff559aeb0;  1 drivers
v0x7ffff55873d0_0 .net *"_s12", 29 0, L_0x7ffff559b200;  1 drivers
L_0x7fcd5ce60330 .functor BUFT 1, C4<00>, C4<0>, C4<0>, C4<0>;
v0x7ffff55874b0_0 .net *"_s17", 1 0, L_0x7fcd5ce60330;  1 drivers
v0x7ffff5587590_0 .net *"_s9", 0 0, L_0x7ffff559adc0;  1 drivers
v0x7ffff5587670_0 .net "clk", 0 0, v0x7ffff5589800_0;  alias, 1 drivers
v0x7ffff55877a0_0 .net "imm", 15 0, L_0x7ffff559a070;  1 drivers
v0x7ffff5587880_0 .net "imm32", 31 0, L_0x7ffff559b2a0;  alias, 1 drivers
v0x7ffff5587940_0 .net "instr", 31 0, L_0x7ffff552e3e0;  alias, 1 drivers
v0x7ffff55879e0_0 .net "pc_add4", 31 0, L_0x7ffff5599a10;  alias, 1 drivers
v0x7ffff5587aa0_0 .net "rd", 4 0, L_0x7ffff5599ec0;  1 drivers
v0x7ffff5587b60_0 .net "rdata1", 31 0, L_0x7ffff559a5f0;  alias, 1 drivers
v0x7ffff5587c20_0 .net "rdata2", 31 0, L_0x7ffff559ac20;  alias, 1 drivers
v0x7ffff5587ce0_0 .var "rf_rd", 4 0;
v0x7ffff5587dd0_0 .var "rf_rs1", 4 0;
v0x7ffff5587ea0_0 .var "rf_rs2", 4 0;
v0x7ffff5587f70_0 .var "rf_wd", 31 0;
v0x7ffff5588040_0 .net "rs", 4 0, L_0x7ffff5599d80;  1 drivers
v0x7ffff5588100_0 .net "rst", 0 0, v0x7ffff55898a0_0;  alias, 1 drivers
v0x7ffff55881a0_0 .net "rt", 4 0, L_0x7ffff5599e20;  1 drivers
E_0x7ffff55852a0 .event edge, v0x7ffff55804b0_0, v0x7ffff5587aa0_0, v0x7ffff55881a0_0;
E_0x7ffff5585320 .event edge, v0x7ffff55807d0_0, v0x7ffff5582160_0, v0x7ffff5581fb0_0, v0x7ffff5584cc0_0;
L_0x7ffff5599d80 .part L_0x7ffff552e3e0, 21, 5;
L_0x7ffff5599e20 .part L_0x7ffff552e3e0, 16, 5;
L_0x7ffff5599ec0 .part L_0x7ffff552e3e0, 11, 5;
L_0x7ffff559a070 .part L_0x7ffff552e3e0, 0, 16;
L_0x7ffff559adc0 .part L_0x7ffff559a070, 15, 1;
LS_0x7ffff559aeb0_0_0 .concat [ 1 1 1 1], L_0x7ffff559adc0, L_0x7ffff559adc0, L_0x7ffff559adc0, L_0x7ffff559adc0;
LS_0x7ffff559aeb0_0_4 .concat [ 1 1 1 1], L_0x7ffff559adc0, L_0x7ffff559adc0, L_0x7ffff559adc0, L_0x7ffff559adc0;
LS_0x7ffff559aeb0_0_8 .concat [ 1 1 1 1], L_0x7ffff559adc0, L_0x7ffff559adc0, L_0x7ffff559adc0, L_0x7ffff559adc0;
LS_0x7ffff559aeb0_0_12 .concat [ 1 1 0 0], L_0x7ffff559adc0, L_0x7ffff559adc0;
L_0x7ffff559aeb0 .concat [ 4 4 4 2], LS_0x7ffff559aeb0_0_0, LS_0x7ffff559aeb0_0_4, LS_0x7ffff559aeb0_0_8, LS_0x7ffff559aeb0_0_12;
L_0x7ffff559b200 .concat [ 16 14 0 0], L_0x7ffff559a070, L_0x7ffff559aeb0;
L_0x7ffff559b2a0 .concat [ 30 2 0 0], L_0x7ffff559b200, L_0x7fcd5ce60330;
S_0x7ffff5585390 .scope module, "rf" "regfile" 11 41, 12 2 0, S_0x7ffff5584ff0;
 .timescale -9 -12;
    .port_info 0 /INPUT 1 "clk"
    .port_info 1 /INPUT 1 "rst"
    .port_info 2 /INPUT 1 "RegWr"
    .port_info 3 /INPUT 5 "rs1"
    .port_info 4 /INPUT 5 "rs2"
    .port_info 5 /INPUT 5 "rd"
    .port_info 6 /INPUT 32 "wdata"
    .port_info 7 /OUTPUT 32 "rdata1"
    .port_info 8 /OUTPUT 32 "rdata2"
v0x7ffff55856b0_0 .net "RegWr", 0 0, L_0x7ffff559c510;  alias, 1 drivers
v0x7ffff5585770_0 .net *"_s0", 31 0, L_0x7ffff559a110;  1 drivers
v0x7ffff5585830_0 .net *"_s10", 31 0, L_0x7ffff559a3e0;  1 drivers
v0x7ffff5585920_0 .net *"_s12", 6 0, L_0x7ffff559a480;  1 drivers
L_0x7fcd5ce601c8 .functor BUFT 1, C4<00>, C4<0>, C4<0>, C4<0>;
v0x7ffff5585a00_0 .net *"_s15", 1 0, L_0x7fcd5ce601c8;  1 drivers
v0x7ffff5585b30_0 .net *"_s18", 31 0, L_0x7ffff559a780;  1 drivers
L_0x7fcd5ce60210 .functor BUFT 1, C4<000000000000000000000000000>, C4<0>, C4<0>, C4<0>;
v0x7ffff5585c10_0 .net *"_s21", 26 0, L_0x7fcd5ce60210;  1 drivers
L_0x7fcd5ce60258 .functor BUFT 1, C4<00000000000000000000000000000000>, C4<0>, C4<0>, C4<0>;
v0x7ffff5585cf0_0 .net/2u *"_s22", 31 0, L_0x7fcd5ce60258;  1 drivers
v0x7ffff5585dd0_0 .net *"_s24", 0 0, L_0x7ffff559a900;  1 drivers
L_0x7fcd5ce602a0 .functor BUFT 1, C4<00000000000000000000000000000000>, C4<0>, C4<0>, C4<0>;
v0x7ffff5585e90_0 .net/2u *"_s26", 31 0, L_0x7fcd5ce602a0;  1 drivers
v0x7ffff5585f70_0 .net *"_s28", 31 0, L_0x7ffff559a9f0;  1 drivers
L_0x7fcd5ce600f0 .functor BUFT 1, C4<000000000000000000000000000>, C4<0>, C4<0>, C4<0>;
v0x7ffff5586050_0 .net *"_s3", 26 0, L_0x7fcd5ce600f0;  1 drivers
v0x7ffff5586130_0 .net *"_s30", 6 0, L_0x7ffff559aae0;  1 drivers
L_0x7fcd5ce602e8 .functor BUFT 1, C4<00>, C4<0>, C4<0>, C4<0>;
v0x7ffff5586210_0 .net *"_s33", 1 0, L_0x7fcd5ce602e8;  1 drivers
L_0x7fcd5ce60138 .functor BUFT 1, C4<00000000000000000000000000000000>, C4<0>, C4<0>, C4<0>;
v0x7ffff55862f0_0 .net/2u *"_s4", 31 0, L_0x7fcd5ce60138;  1 drivers
v0x7ffff55863d0_0 .net *"_s6", 0 0, L_0x7ffff559a2a0;  1 drivers
L_0x7fcd5ce60180 .functor BUFT 1, C4<00000000000000000000000000000000>, C4<0>, C4<0>, C4<0>;
v0x7ffff5586490_0 .net/2u *"_s8", 31 0, L_0x7fcd5ce60180;  1 drivers
v0x7ffff5586570_0 .net "clk", 0 0, v0x7ffff5589800_0;  alias, 1 drivers
v0x7ffff5586610_0 .var/i "i", 31 0;
v0x7ffff55866f0_0 .net "rd", 4 0, v0x7ffff5587ce0_0;  1 drivers
v0x7ffff55867d0_0 .net "rdata1", 31 0, L_0x7ffff559a5f0;  alias, 1 drivers
v0x7ffff5586890_0 .net "rdata2", 31 0, L_0x7ffff559ac20;  alias, 1 drivers
v0x7ffff5586950 .array "rf", 0 31, 31 0;
v0x7ffff5586a10_0 .net "rs1", 4 0, v0x7ffff5587dd0_0;  1 drivers
v0x7ffff5586af0_0 .net "rs2", 4 0, v0x7ffff5587ea0_0;  1 drivers
v0x7ffff5586bd0_0 .net "rst", 0 0, v0x7ffff55898a0_0;  alias, 1 drivers
v0x7ffff5586cc0_0 .net "wdata", 31 0, v0x7ffff5587f70_0;  1 drivers
L_0x7ffff559a110 .concat [ 5 27 0 0], v0x7ffff5587dd0_0, L_0x7fcd5ce600f0;
L_0x7ffff559a2a0 .cmp/eq 32, L_0x7ffff559a110, L_0x7fcd5ce60138;
L_0x7ffff559a3e0 .array/port v0x7ffff5586950, L_0x7ffff559a480;
L_0x7ffff559a480 .concat [ 5 2 0 0], v0x7ffff5587dd0_0, L_0x7fcd5ce601c8;
L_0x7ffff559a5f0 .functor MUXZ 32, L_0x7ffff559a3e0, L_0x7fcd5ce60180, L_0x7ffff559a2a0, C4<>;
L_0x7ffff559a780 .concat [ 5 27 0 0], v0x7ffff5587ea0_0, L_0x7fcd5ce60210;
L_0x7ffff559a900 .cmp/eq 32, L_0x7ffff559a780, L_0x7fcd5ce60258;
L_0x7ffff559a9f0 .array/port v0x7ffff5586950, L_0x7ffff559aae0;
L_0x7ffff559aae0 .concat [ 5 2 0 0], v0x7ffff5587ea0_0, L_0x7fcd5ce602e8;
L_0x7ffff559ac20 .functor MUXZ 32, L_0x7ffff559a9f0, L_0x7fcd5ce602a0, L_0x7ffff559a900, C4<>;
    .scope S_0x7ffff5583a90;
T_0 ;
    %wait E_0x7ffff5583d10;
    %load/vec4 v0x7ffff55840c0_0;
    %flag_set/vec4 8;
    %jmp/0xz  T_0.0, 8;
    %pushi/vec4 12288, 0, 32;
    %split/vec4 2;
    %assign/vec4 v0x7ffff55841d0_0, 0;
    %assign/vec4 v0x7ffff5584000_0, 0;
    %jmp T_0.1;
T_0.0 ;
    %load/vec4 v0x7ffff5583d70_0;
    %flag_set/vec4 8;
    %jmp/0xz  T_0.2, 8;
    %load/vec4 v0x7ffff5583f30_0;
    %assign/vec4 v0x7ffff5584000_0, 0;
T_0.2 ;
T_0.1 ;
    %jmp T_0;
    .thread T_0;
    .scope S_0x7ffff5583060;
T_1 ;
    %wait E_0x7ffff5564e80;
    %load/vec4 v0x7ffff5584350_0;
    %flag_set/vec4 8;
    %jmp/0xz  T_1.0, 8;
    %load/vec4 v0x7ffff5584d80_0;
    %load/vec4 v0x7ffff5584410_0;
    %parti/s 1, 15, 5;
    %replicate 14;
    %load/vec4 v0x7ffff5584410_0;
    %parti/s 16, 0, 2;
    %concat/vec4; draw_concat_vec4
    %add;
    %store/vec4 v0x7ffff5584c00_0, 0, 30;
    %jmp T_1.1;
T_1.0 ;
    %load/vec4 v0x7ffff55844d0_0;
    %flag_set/vec4 8;
    %jmp/0xz  T_1.2, 8;
    %load/vec4 v0x7ffff5584d80_0;
    %parti/s 4, 26, 6;
    %load/vec4 v0x7ffff5584410_0;
    %concat/vec4; draw_concat_vec4
    %store/vec4 v0x7ffff5584c00_0, 0, 30;
    %jmp T_1.3;
T_1.2 ;
    %load/vec4 v0x7ffff5584d80_0;
    %addi 1, 0, 30;
    %store/vec4 v0x7ffff5584c00_0, 0, 30;
T_1.3 ;
T_1.1 ;
    %jmp T_1;
    .thread T_1, $push;
    .scope S_0x7ffff5585390;
T_2 ;
    %pushi/vec4 0, 0, 32;
    %store/vec4 v0x7ffff5586610_0, 0, 32;
T_2.0 ;
    %load/vec4 v0x7ffff5586610_0;
    %cmpi/s 32, 0, 32;
    %jmp/0xz T_2.1, 5;
    %pushi/vec4 0, 0, 32;
    %ix/getv/s 4, v0x7ffff5586610_0;
    %store/vec4a v0x7ffff5586950, 4, 0;
    %load/vec4 v0x7ffff5586610_0;
    %addi 1, 0, 32;
    %store/vec4 v0x7ffff5586610_0, 0, 32;
    %jmp T_2.0;
T_2.1 ;
    %end;
    .thread T_2;
    .scope S_0x7ffff5585390;
T_3 ;
    %wait E_0x7ffff5583d10;
    %load/vec4 v0x7ffff5586bd0_0;
    %flag_set/vec4 8;
    %jmp/0xz  T_3.0, 8;
    %pushi/vec4 0, 0, 32;
    %store/vec4 v0x7ffff5586610_0, 0, 32;
T_3.2 ;
    %load/vec4 v0x7ffff5586610_0;
    %cmpi/s 32, 0, 32;
    %jmp/0xz T_3.3, 5;
    %pushi/vec4 0, 0, 32;
    %ix/getv/s 3, v0x7ffff5586610_0;
    %ix/load 4, 0, 0; Constant delay
    %assign/vec4/a/d v0x7ffff5586950, 0, 4;
    %load/vec4 v0x7ffff5586610_0;
    %addi 1, 0, 32;
    %store/vec4 v0x7ffff5586610_0, 0, 32;
    %jmp T_3.2;
T_3.3 ;
    %jmp T_3.1;
T_3.0 ;
    %load/vec4 v0x7ffff55856b0_0;
    %flag_set/vec4 8;
    %jmp/0xz  T_3.4, 8;
    %load/vec4 v0x7ffff5586cc0_0;
    %load/vec4 v0x7ffff55866f0_0;
    %pad/u 7;
    %ix/vec4 3;
    %ix/load 4, 0, 0; Constant delay
    %assign/vec4/a/d v0x7ffff5586950, 0, 4;
    %vpi_call 12 26 "$display", "R[00-07]=%8X, %8X, %8X, %8X, %8X, %8X, %8X, %8X", 32'sb00000000000000000000000000000000, &A<v0x7ffff5586950, 1>, &A<v0x7ffff5586950, 2>, &A<v0x7ffff5586950, 3>, &A<v0x7ffff5586950, 4>, &A<v0x7ffff5586950, 5>, &A<v0x7ffff5586950, 6>, &A<v0x7ffff5586950, 7> {0 0 0};
    %vpi_call 12 27 "$display", "R[08-15]=%8X, %8X, %8X, %8X, %8X, %8X, %8X, %8X", &A<v0x7ffff5586950, 8>, &A<v0x7ffff5586950, 9>, &A<v0x7ffff5586950, 10>, &A<v0x7ffff5586950, 11>, &A<v0x7ffff5586950, 12>, &A<v0x7ffff5586950, 13>, &A<v0x7ffff5586950, 14>, &A<v0x7ffff5586950, 15> {0 0 0};
    %vpi_call 12 28 "$display", "R[16-23]=%8X, %8X, %8X, %8X, %8X, %8X, %8X, %8X", &A<v0x7ffff5586950, 16>, &A<v0x7ffff5586950, 17>, &A<v0x7ffff5586950, 18>, &A<v0x7ffff5586950, 19>, &A<v0x7ffff5586950, 20>, &A<v0x7ffff5586950, 21>, &A<v0x7ffff5586950, 22>, &A<v0x7ffff5586950, 23> {0 0 0};
    %vpi_call 12 29 "$display", "R[24-31]=%8X, %8X, %8X, %8X, %8X, %8X, %8X, %8X", &A<v0x7ffff5586950, 24>, &A<v0x7ffff5586950, 25>, &A<v0x7ffff5586950, 26>, &A<v0x7ffff5586950, 27>, &A<v0x7ffff5586950, 28>, &A<v0x7ffff5586950, 29>, &A<v0x7ffff5586950, 30>, &A<v0x7ffff5586950, 31> {0 0 0};
T_3.4 ;
T_3.1 ;
    %jmp T_3;
    .thread T_3;
    .scope S_0x7ffff5584ff0;
T_4 ;
    %wait E_0x7ffff5585320;
    %load/vec4 v0x7ffff5587240_0;
    %dup/vec4;
    %pushi/vec4 0, 0, 2;
    %cmp/u;
    %jmp/1 T_4.0, 6;
    %dup/vec4;
    %pushi/vec4 1, 0, 2;
    %cmp/u;
    %jmp/1 T_4.1, 6;
    %dup/vec4;
    %pushi/vec4 2, 0, 2;
    %cmp/u;
    %jmp/1 T_4.2, 6;
    %jmp T_4.3;
T_4.0 ;
    %load/vec4 v0x7ffff5586f10_0;
    %store/vec4 v0x7ffff5587f70_0, 0, 32;
    %jmp T_4.3;
T_4.1 ;
    %load/vec4 v0x7ffff5586ff0_0;
    %store/vec4 v0x7ffff5587f70_0, 0, 32;
    %jmp T_4.3;
T_4.2 ;
    %load/vec4 v0x7ffff55879e0_0;
    %store/vec4 v0x7ffff5587f70_0, 0, 32;
    %jmp T_4.3;
T_4.3 ;
    %pop/vec4 1;
    %jmp T_4;
    .thread T_4, $push;
    .scope S_0x7ffff5584ff0;
T_5 ;
    %wait E_0x7ffff55852a0;
    %load/vec4 v0x7ffff55870b0_0;
    %dup/vec4;
    %pushi/vec4 0, 0, 2;
    %cmp/u;
    %jmp/1 T_5.0, 6;
    %dup/vec4;
    %pushi/vec4 1, 0, 2;
    %cmp/u;
    %jmp/1 T_5.1, 6;
    %dup/vec4;
    %pushi/vec4 2, 0, 2;
    %cmp/u;
    %jmp/1 T_5.2, 6;
    %jmp T_5.3;
T_5.0 ;
    %load/vec4 v0x7ffff5587aa0_0;
    %store/vec4 v0x7ffff5587ce0_0, 0, 5;
    %jmp T_5.3;
T_5.1 ;
    %load/vec4 v0x7ffff55881a0_0;
    %store/vec4 v0x7ffff5587ce0_0, 0, 5;
    %jmp T_5.3;
T_5.2 ;
    %pushi/vec4 31, 0, 5;
    %store/vec4 v0x7ffff5587ce0_0, 0, 5;
    %jmp T_5.3;
T_5.3 ;
    %pop/vec4 1;
    %jmp T_5;
    .thread T_5, $push;
    .scope S_0x7ffff555f030;
T_6 ;
    %wait E_0x7ffff5527170;
    %load/vec4 v0x7ffff5580070_0;
    %flag_set/vec4 8;
    %jmp/0xz  T_6.0, 8;
    %load/vec4 v0x7ffff55819c0_0;
    %dup/vec4;
    %pushi/vec4 4, 0, 6;
    %cmp/u;
    %jmp/1 T_6.2, 6;
    %pushi/vec4 0, 0, 1;
    %store/vec4 v0x7ffff557fe40_0, 0, 1;
    %jmp T_6.4;
T_6.2 ;
    %load/vec4 v0x7ffff557fee0_0;
    %flag_set/vec4 8;
    %jmp/0xz  T_6.5, 8;
    %pushi/vec4 1, 0, 1;
    %store/vec4 v0x7ffff557fe40_0, 0, 1;
    %jmp T_6.6;
T_6.5 ;
    %pushi/vec4 0, 0, 1;
    %store/vec4 v0x7ffff557fe40_0, 0, 1;
T_6.6 ;
    %jmp T_6.4;
T_6.4 ;
    %pop/vec4 1;
    %jmp T_6.1;
T_6.0 ;
    %pushi/vec4 0, 0, 1;
    %store/vec4 v0x7ffff557fe40_0, 0, 1;
T_6.1 ;
    %jmp T_6;
    .thread T_6, $push;
    .scope S_0x7ffff555f030;
T_7 ;
    %wait E_0x7ffff5526ee0;
    %load/vec4 v0x7ffff5580650_0;
    %flag_set/vec4 8;
    %jmp/0xz  T_7.0, 8;
    %load/vec4 v0x7ffff55815f0_0;
    %dup/vec4;
    %pushi/vec4 33, 0, 6;
    %cmp/u;
    %jmp/1 T_7.2, 6;
    %dup/vec4;
    %pushi/vec4 35, 0, 6;
    %cmp/u;
    %jmp/1 T_7.3, 6;
    %pushi/vec4 3, 0, 2;
    %store/vec4 v0x7ffff557fc80_0, 0, 2;
    %jmp T_7.5;
T_7.2 ;
    %pushi/vec4 0, 0, 2;
    %store/vec4 v0x7ffff557fc80_0, 0, 2;
    %jmp T_7.5;
T_7.3 ;
    %pushi/vec4 1, 0, 2;
    %store/vec4 v0x7ffff557fc80_0, 0, 2;
    %jmp T_7.5;
T_7.5 ;
    %pop/vec4 1;
    %jmp T_7.1;
T_7.0 ;
    %load/vec4 v0x7ffff55801b0_0;
    %flag_set/vec4 8;
    %jmp/0xz  T_7.6, 8;
    %load/vec4 v0x7ffff55819c0_0;
    %dup/vec4;
    %pushi/vec4 13, 0, 6;
    %cmp/u;
    %jmp/1 T_7.8, 6;
    %pushi/vec4 3, 0, 2;
    %store/vec4 v0x7ffff557fc80_0, 0, 2;
    %jmp T_7.10;
T_7.8 ;
    %pushi/vec4 2, 0, 2;
    %store/vec4 v0x7ffff557fc80_0, 0, 2;
    %jmp T_7.10;
T_7.10 ;
    %pop/vec4 1;
    %jmp T_7.7;
T_7.6 ;
    %load/vec4 v0x7ffff5580710_0;
    %flag_set/vec4 8;
    %jmp/0xz  T_7.11, 8;
    %pushi/vec4 3, 0, 2;
    %store/vec4 v0x7ffff557fc80_0, 0, 2;
    %jmp T_7.12;
T_7.11 ;
    %pushi/vec4 3, 0, 2;
    %store/vec4 v0x7ffff557fc80_0, 0, 2;
T_7.12 ;
T_7.7 ;
T_7.1 ;
    %jmp T_7;
    .thread T_7, $push;
    .scope S_0x7ffff555f030;
T_8 ;
    %wait E_0x7ffff5527560;
    %load/vec4 v0x7ffff5580650_0;
    %flag_set/vec4 8;
    %load/vec4 v0x7ffff55801b0_0;
    %flag_set/vec4 9;
    %flag_or 9, 8;
    %jmp/0xz  T_8.0, 9;
    %pushi/vec4 0, 0, 2;
    %store/vec4 v0x7ffff55807d0_0, 0, 2;
    %jmp T_8.1;
T_8.0 ;
    %load/vec4 v0x7ffff55819c0_0;
    %cmpi/e 35, 0, 6;
    %jmp/0xz  T_8.2, 4;
    %pushi/vec4 1, 0, 2;
    %store/vec4 v0x7ffff55807d0_0, 0, 2;
    %jmp T_8.3;
T_8.2 ;
    %load/vec4 v0x7ffff55819c0_0;
    %cmpi/e 3, 0, 6;
    %jmp/0xz  T_8.4, 4;
    %pushi/vec4 2, 0, 2;
    %store/vec4 v0x7ffff55807d0_0, 0, 2;
    %jmp T_8.5;
T_8.4 ;
    %pushi/vec4 0, 0, 2;
    %store/vec4 v0x7ffff55807d0_0, 0, 2;
T_8.5 ;
T_8.3 ;
T_8.1 ;
    %jmp T_8;
    .thread T_8, $push;
    .scope S_0x7ffff555f030;
T_9 ;
    %wait E_0x7ffff5527560;
    %load/vec4 v0x7ffff5580650_0;
    %flag_set/vec4 8;
    %jmp/0xz  T_9.0, 8;
    %pushi/vec4 0, 0, 2;
    %store/vec4 v0x7ffff55804b0_0, 0, 2;
    %jmp T_9.1;
T_9.0 ;
    %load/vec4 v0x7ffff55801b0_0;
    %flag_set/vec4 8;
    %load/vec4 v0x7ffff55819c0_0;
    %cmpi/e 35, 0, 6;
    %flag_or 4, 8;
    %jmp/0xz  T_9.2, 4;
    %pushi/vec4 1, 0, 2;
    %store/vec4 v0x7ffff55804b0_0, 0, 2;
    %jmp T_9.3;
T_9.2 ;
    %load/vec4 v0x7ffff55819c0_0;
    %cmpi/e 3, 0, 6;
    %jmp/0xz  T_9.4, 4;
    %pushi/vec4 2, 0, 2;
    %store/vec4 v0x7ffff55804b0_0, 0, 2;
    %jmp T_9.5;
T_9.4 ;
    %pushi/vec4 0, 0, 2;
    %store/vec4 v0x7ffff55804b0_0, 0, 2;
T_9.5 ;
T_9.3 ;
T_9.1 ;
    %jmp T_9;
    .thread T_9, $push;
    .scope S_0x7ffff5582580;
T_10 ;
    %wait E_0x7ffff55827f0;
    %load/vec4 v0x7ffff5582870_0;
    %dup/vec4;
    %pushi/vec4 0, 0, 2;
    %cmp/u;
    %jmp/1 T_10.0, 6;
    %dup/vec4;
    %pushi/vec4 1, 0, 2;
    %cmp/u;
    %jmp/1 T_10.1, 6;
    %dup/vec4;
    %pushi/vec4 2, 0, 2;
    %cmp/u;
    %jmp/1 T_10.2, 6;
    %dup/vec4;
    %pushi/vec4 3, 0, 2;
    %cmp/u;
    %jmp/1 T_10.3, 6;
    %jmp T_10.4;
T_10.0 ;
    %load/vec4 v0x7ffff5582bc0_0;
    %load/vec4 v0x7ffff5582cd0_0;
    %add;
    %store/vec4 v0x7ffff5582950_0, 0, 32;
    %jmp T_10.4;
T_10.1 ;
    %load/vec4 v0x7ffff5582bc0_0;
    %load/vec4 v0x7ffff5582cd0_0;
    %sub;
    %store/vec4 v0x7ffff5582950_0, 0, 32;
    %jmp T_10.4;
T_10.2 ;
    %load/vec4 v0x7ffff5582bc0_0;
    %load/vec4 v0x7ffff5582cd0_0;
    %or;
    %store/vec4 v0x7ffff5582950_0, 0, 32;
    %jmp T_10.4;
T_10.3 ;
    %load/vec4 v0x7ffff5582bc0_0;
    %load/vec4 v0x7ffff5582cd0_0;
    %add;
    %store/vec4 v0x7ffff5582950_0, 0, 32;
    %jmp T_10.4;
T_10.4 ;
    %pop/vec4 1;
    %jmp T_10;
    .thread T_10, $push;
    .scope S_0x7ffff5581c20;
T_11 ;
    %wait E_0x7ffff5564f80;
    %load/vec4 v0x7ffff5581ec0_0;
    %flag_set/vec4 8;
    %jmp/0xz  T_11.0, 8;
    %load/vec4 v0x7ffff5582410_0;
    %ix/getv 3, v0x7ffff5582160_0;
    %ix/load 4, 0, 0; Constant delay
    %assign/vec4/a/d v0x7ffff5582350, 0, 4;
T_11.0 ;
    %jmp T_11;
    .thread T_11;
    .scope S_0x7ffff5559940;
T_12 ;
    %vpi_call 2 11 "$readmemh", "code.hex", v0x7ffff5583990 {0 0 0};
    %vpi_call 2 12 "$monitor", "PC = 0x%8X, IR = 0x%8X", v0x7ffff5584d80_0, v0x7ffff55891d0_0 {0 0 0};
    %pushi/vec4 1, 0, 1;
    %store/vec4 v0x7ffff5589800_0, 0, 1;
    %pushi/vec4 0, 0, 1;
    %store/vec4 v0x7ffff55898a0_0, 0, 1;
    %delay 5000, 0;
    %pushi/vec4 1, 0, 1;
    %store/vec4 v0x7ffff55898a0_0, 0, 1;
    %delay 20000, 0;
    %pushi/vec4 0, 0, 1;
    %store/vec4 v0x7ffff55898a0_0, 0, 1;
    %end;
    .thread T_12;
    .scope S_0x7ffff5559940;
T_13 ;
    %delay 50000, 0;
    %load/vec4 v0x7ffff5589800_0;
    %inv;
    %store/vec4 v0x7ffff5589800_0, 0, 1;
    %jmp T_13;
    .thread T_13;
# The file index is used to find the file name in the following table.
:file_names 13;
    "N/A";
    "<interactive>";
    "simpleMIPS_tb.v";
    "simpleMIPS.v";
    "bru.v";
    "ctrl.v";
    "mem/dm.v";
    "ex/ex.v";
    "fetch/fetch.v";
    "fetch/im.v";
    "fetch/reg_pc.v";
    "id/id.v";
    "id/regfile.v";
